<?xml version="1.0" encoding="UTF-8"?>
<!-- Generated by org.testng.reporters.JUnitReportReporter -->
<testsuite skipped="0" hostname="LAPTOP-BSP35CV4" name="Vishnu.FirstProject.Testcaseone" tests="3" failures="0" timestamp="2021-09-26T15:13:47 IST" time="20.692" errors="0">
  <testcase name="loginedge" time="7.992" classname="Vishnu.FirstProject.Testcaseone"/>
  <system-out/>
  <testcase name="login" time="4.384" classname="Vishnu.FirstProject.Testcaseone"/>
  <system-out/>
  <testcase name="loginfirefox" time="8.316" classname="Vishnu.FirstProject.Testcaseone"/>
  <system-out/>
</testsuite> <!-- Vishnu.FirstProject.Testcaseone -->
