<?xml version="1.0" encoding="UTF-8"?>
<!-- Generated by org.testng.reporters.JUnitReportReporter -->
<testsuite skipped="0" hostname="LAPTOP-BSP35CV4" name="Vishnu.FirstProject.Testcaseone" tests="3" failures="0" timestamp="2021-09-26T15:12:37 IST" time="31.539" errors="0">
  <testcase name="loginedge" time="11.178" classname="Vishnu.FirstProject.Testcaseone"/>
  <system-out/>
  <testcase name="login" time="6.172" classname="Vishnu.FirstProject.Testcaseone"/>
  <system-out/>
  <testcase name="loginfirefox" time="14.189" classname="Vishnu.FirstProject.Testcaseone"/>
  <system-out/>
</testsuite> <!-- Vishnu.FirstProject.Testcaseone -->
